Experiments/jbrickey/Exp 4/AndroidVolley/app/build/intermediates/manifest_merge_blame_file/debug/manifest-merger-blame-debug-report.txt
1<?xml version="1.0" encoding="utf-8"?>
2<manifest xmlns:android="http://schemas.android.com/apk/res/android"
3    package="com.example.sumon.androidvolley"
4    android:versionCode="1"
5    android:versionName="1.0" >
6
7    <uses-sdk
8        android:minSdkVersion="21"
9        android:targetSdkVersion="31" />
10
11    <uses-permission android:name="android.permission.INTERNET" />
11-->src\main\AndroidManifest.xml:3:5-67
11-->src\main\AndroidManifest.xml:3:22-64
12
13    <application
13-->src\main\AndroidManifest.xml:5:5-25:19
14        android:name="com.example.sumon.androidvolley.app.AppController"
14-->src\main\AndroidManifest.xml:7:9-73
15        android:allowBackup="true"
15-->src\main\AndroidManifest.xml:8:9-35
16        android:debuggable="true"
17        android:extractNativeLibs="true"
18        android:icon="@mipmap/ic_launcher"
18-->src\main\AndroidManifest.xml:9:9-43
19        android:label="@string/app_name"
19-->src\main\AndroidManifest.xml:10:9-41
20        android:roundIcon="@mipmap/ic_launcher_round"
20-->src\main\AndroidManifest.xml:11:9-54
21        android:supportsRtl="true"
21-->src\main\AndroidManifest.xml:12:9-35
22        android:testOnly="true"
23        android:theme="@style/AppTheme"
23-->src\main\AndroidManifest.xml:13:9-40
24        android:usesCleartextTraffic="true" >
24-->src\main\AndroidManifest.xml:6:9-44
25        <activity
25-->src\main\AndroidManifest.xml:14:9-21:20
26            android:name="com.example.sumon.androidvolley.MainActivity"
26-->src\main\AndroidManifest.xml:14:19-47
27            android:exported="true" >
27-->src\main\AndroidManifest.xml:15:13-36
28            <intent-filter>
28-->src\main\AndroidManifest.xml:16:13-20:29
29                <action android:name="android.intent.action.MAIN" />
29-->src\main\AndroidManifest.xml:17:17-69
29-->src\main\AndroidManifest.xml:17:25-66
30
31                <category android:name="android.intent.category.LAUNCHER" />
31-->src\main\AndroidManifest.xml:19:17-77
31-->src\main\AndroidManifest.xml:19:27-74
32            </intent-filter>
33        </activity>
34        <activity android:name="com.example.sumon.androidvolley.StringRequestActivity" />
34-->src\main\AndroidManifest.xml:22:9-59
34-->src\main\AndroidManifest.xml:22:19-56
35        <activity android:name="com.example.sumon.androidvolley.JsonRequestActivity" />
35-->src\main\AndroidManifest.xml:23:9-57
35-->src\main\AndroidManifest.xml:23:19-54
36        <activity android:name="com.example.sumon.androidvolley.ImageRequestActivity" />
36-->src\main\AndroidManifest.xml:24:9-67
36-->src\main\AndroidManifest.xml:24:19-55
37
38        <meta-data
38-->[com.android.support:appcompat-v7:26.1.0] AndroidManifest.xml:26:9-28:38
39            android:name="android.support.VERSION"
39-->[com.android.support:appcompat-v7:26.1.0] AndroidManifest.xml:27:13-51
40            android:value="26.1.0" />
40-->[com.android.support:appcompat-v7:26.1.0] AndroidManifest.xml:28:13-35
41        <meta-data
41-->[android.arch.lifecycle:runtime:1.0.0] AndroidManifest.xml:25:9-27:47
42            android:name="android.arch.lifecycle.VERSION"
42-->[android.arch.lifecycle:runtime:1.0.0] AndroidManifest.xml:26:13-58
43            android:value="27.0.0-SNAPSHOT" />
43-->[android.arch.lifecycle:runtime:1.0.0] AndroidManifest.xml:27:13-44
44    </application>
45
46</manifest>